TN:
SF:src/server.js
FN:47,(anonymous_0)
FN:59,(anonymous_1)
FN:102,(anonymous_2)
FN:126,(anonymous_3)
FN:150,(anonymous_4)
FN:158,(anonymous_5)
FN:166,(anonymous_6)
FN:181,(anonymous_7)
FN:243,(anonymous_8)
FN:263,(anonymous_9)
FN:286,(anonymous_10)
FN:318,(anonymous_11)
FN:336,(anonymous_12)
FN:340,(anonymous_13)
FN:348,(anonymous_14)
FN:358,(anonymous_15)
FN:380,(anonymous_16)
FN:402,(anonymous_17)
FN:417,(anonymous_18)
FN:424,(anonymous_19)
FN:444,(anonymous_20)
FN:459,resetAllUsersOnlineStatus
FN:472,(anonymous_22)
FN:505,(anonymous_23)
FN:517,(anonymous_24)
FN:525,(anonymous_25)
FN:542,(anonymous_26)
FN:564,getOnlineUsers
FN:584,(anonymous_28)
FN:596,(anonymous_29)
FNF:30
FNH:5
FNDA:0,(anonymous_0)
FNDA:2,(anonymous_1)
FNDA:0,(anonymous_2)
FNDA:9,(anonymous_3)
FNDA:1,(anonymous_4)
FNDA:0,(anonymous_5)
FNDA:0,(anonymous_6)
FNDA:0,(anonymous_7)
FNDA:0,(anonymous_8)
FNDA:0,(anonymous_9)
FNDA:0,(anonymous_10)
FNDA:0,(anonymous_11)
FNDA:0,(anonymous_12)
FNDA:0,(anonymous_13)
FNDA:1,(anonymous_14)
FNDA:0,(anonymous_15)
FNDA:0,(anonymous_16)
FNDA:0,(anonymous_17)
FNDA:0,(anonymous_18)
FNDA:0,(anonymous_19)
FNDA:0,(anonymous_20)
FNDA:3,resetAllUsersOnlineStatus
FNDA:0,(anonymous_22)
FNDA:0,(anonymous_23)
FNDA:0,(anonymous_24)
FNDA:0,(anonymous_25)
FNDA:0,(anonymous_26)
FNDA:0,getOnlineUsers
FNDA:0,(anonymous_28)
FNDA:0,(anonymous_29)
DA:1,3
DA:2,3
DA:3,3
DA:4,3
DA:5,3
DA:6,3
DA:7,3
DA:8,3
DA:10,3
DA:11,3
DA:14,3
DA:15,3
DA:16,3
DA:19,3
DA:32,3
DA:33,3
DA:34,3
DA:35,3
DA:36,3
DA:39,3
DA:47,3
DA:48,0
DA:52,3
DA:53,3
DA:56,3
DA:59,3
DA:60,2
DA:61,2
DA:62,2
DA:64,2
DA:65,0
DA:69,2
DA:70,2
DA:72,2
DA:73,0
DA:77,2
DA:79,2
DA:80,1
DA:84,1
DA:91,1
DA:92,1
DA:93,1
DA:101,0
DA:102,0
DA:103,0
DA:104,0
DA:105,0
DA:108,0
DA:109,0
DA:117,0
DA:118,0
DA:126,3
DA:128,9
DA:129,9
DA:136,9
DA:139,0
DA:140,0
DA:142,0
DA:147,3
DA:150,3
DA:151,1
DA:152,1
DA:154,0
DA:158,3
DA:159,0
DA:160,0
DA:162,0
DA:166,3
DA:167,0
DA:168,0
DA:169,0
DA:172,0
DA:173,0
DA:175,0
DA:176,0
DA:181,3
DA:182,0
DA:183,0
DA:184,0
DA:188,0
DA:224,0
DA:233,0
DA:235,0
DA:237,0
DA:238,0
DA:243,3
DA:244,0
DA:245,0
DA:246,0
DA:249,0
DA:250,0
DA:251,0
DA:254,0
DA:255,0
DA:257,0
DA:258,0
DA:263,3
DA:264,0
DA:265,0
DA:266,0
DA:269,0
DA:276,0
DA:278,0
DA:280,0
DA:281,0
DA:286,3
DA:287,0
DA:288,0
DA:289,0
DA:291,0
DA:293,0
DA:294,0
DA:296,0
DA:303,0
DA:304,0
DA:305,0
DA:307,0
DA:309,0
DA:312,0
DA:313,0
DA:318,3
DA:319,0
DA:320,0
DA:322,0
DA:325,0
DA:326,0
DA:328,0
DA:329,0
DA:331,0
DA:332,0
DA:336,3
DA:337,0
DA:340,3
DA:341,0
DA:342,0
DA:344,0
DA:348,3
DA:349,1
DA:350,1
DA:351,1
DA:353,0
DA:358,3
DA:359,0
DA:360,0
DA:361,0
DA:362,0
DA:365,0
DA:366,0
DA:372,0
DA:373,0
DA:375,0
DA:376,0
DA:380,3
DA:381,0
DA:382,0
DA:383,0
DA:386,0
DA:395,0
DA:397,0
DA:398,0
DA:402,3
DA:403,0
DA:404,0
DA:405,0
DA:408,0
DA:409,0
DA:412,0
DA:413,0
DA:416,0
DA:417,0
DA:419,0
DA:420,0
DA:422,0
DA:424,0
DA:425,0
DA:426,0
DA:429,0
DA:433,0
DA:434,0
DA:435,0
DA:437,0
DA:439,0
DA:440,0
DA:444,3
DA:445,0
DA:446,0
DA:447,0
DA:450,0
DA:451,0
DA:453,0
DA:454,0
DA:460,3
DA:461,3
DA:462,3
DA:464,0
DA:469,3
DA:472,3
DA:473,0
DA:476,0
DA:477,0
DA:479,0
DA:480,0
DA:481,0
DA:482,0
DA:486,0
DA:487,0
DA:488,0
DA:490,0
DA:492,0
DA:493,0
DA:496,0
DA:497,0
DA:498,0
DA:499,0
DA:501,0
DA:505,0
DA:506,0
DA:507,0
DA:508,0
DA:509,0
DA:510,0
DA:512,0
DA:517,0
DA:518,0
DA:519,0
DA:521,0
DA:525,0
DA:526,0
DA:527,0
DA:529,0
DA:530,0
DA:533,0
DA:534,0
DA:535,0
DA:537,0
DA:542,0
DA:543,0
DA:544,0
DA:545,0
DA:548,0
DA:550,0
DA:553,0
DA:558,0
DA:565,0
DA:566,0
DA:567,0
DA:575,0
DA:576,0
DA:578,0
DA:579,0
DA:584,3
DA:585,0
DA:586,0
DA:588,0
DA:592,3
DA:595,3
DA:596,0
DA:597,0
DA:601,3
LF:259
LH:73
BRDA:20,0,0,3
BRDA:20,0,1,0
BRDA:64,1,0,0
BRDA:64,1,1,2
BRDA:64,2,0,2
BRDA:64,2,1,2
BRDA:72,3,0,0
BRDA:72,3,1,2
BRDA:79,4,0,1
BRDA:79,4,1,1
BRDA:91,5,0,1
BRDA:91,5,1,0
BRDA:103,6,0,0
BRDA:103,6,1,0
BRDA:128,7,0,9
BRDA:128,7,1,0
BRDA:128,8,0,9
BRDA:128,8,1,9
BRDA:139,9,0,0
BRDA:139,9,1,0
BRDA:139,10,0,0
BRDA:139,10,1,0
BRDA:151,11,0,1
BRDA:151,11,1,0
BRDA:151,12,0,1
BRDA:151,12,1,0
BRDA:159,13,0,0
BRDA:159,13,1,0
BRDA:159,14,0,0
BRDA:159,14,1,0
BRDA:168,15,0,0
BRDA:168,15,1,0
BRDA:183,16,0,0
BRDA:183,16,1,0
BRDA:245,17,0,0
BRDA:245,17,1,0
BRDA:250,18,0,0
BRDA:250,18,1,0
BRDA:250,19,0,0
BRDA:250,19,1,0
BRDA:265,20,0,0
BRDA:265,20,1,0
BRDA:291,21,0,0
BRDA:291,21,1,0
BRDA:320,22,0,0
BRDA:320,22,1,0
BRDA:341,23,0,0
BRDA:341,23,1,0
BRDA:350,24,0,1
BRDA:350,24,1,0
BRDA:350,25,0,1
BRDA:350,25,1,1
BRDA:360,26,0,0
BRDA:360,26,1,0
BRDA:360,27,0,0
BRDA:360,27,1,0
BRDA:382,28,0,0
BRDA:382,28,1,0
BRDA:382,29,0,0
BRDA:382,29,1,0
BRDA:404,30,0,0
BRDA:404,30,1,0
BRDA:404,31,0,0
BRDA:404,31,1,0
BRDA:419,32,0,0
BRDA:419,32,1,0
BRDA:446,33,0,0
BRDA:446,33,1,0
BRDA:446,34,0,0
BRDA:446,34,1,0
BRDA:479,35,0,0
BRDA:479,35,1,0
BRDA:543,36,0,0
BRDA:543,36,1,0
BRDA:585,37,0,0
BRDA:585,37,1,0
BRDA:592,38,0,3
BRDA:592,38,1,0
BRDA:595,39,0,0
BRDA:595,39,1,3
BRF:80
BRH:18
end_of_record
TN:
SF:src/middleware/auth.js
FN:2,(anonymous_0)
FNF:1
FNH:0
FNDA:0,(anonymous_0)
DA:2,3
DA:3,0
DA:4,0
DA:6,0
DA:10,3
LF:5
LH:2
BRDA:3,0,0,0
BRDA:3,0,1,0
BRDA:3,1,0,0
BRDA:3,1,1,0
BRF:4
BRH:0
end_of_record
TN:
SF:src/models/message.js
FN:4,(anonymous_0)
FN:20,(anonymous_1)
FN:38,(anonymous_2)
FN:44,(anonymous_3)
FNF:4
FNH:0
FNDA:0,(anonymous_0)
FNDA:0,(anonymous_1)
FNDA:0,(anonymous_2)
FNDA:0,(anonymous_3)
DA:1,3
DA:5,0
DA:9,0
DA:11,0
DA:12,0
DA:13,0
DA:15,0
DA:16,0
DA:21,0
DA:27,0
DA:29,0
DA:30,0
DA:31,0
DA:33,0
DA:34,0
DA:39,0
DA:40,0
DA:41,0
DA:45,0
DA:53,0
DA:54,0
DA:58,3
LF:22
LH:2
BRF:0
BRH:0
end_of_record
TN:
SF:src/models/user.js
FN:4,(anonymous_0)
FN:37,(anonymous_1)
FN:43,(anonymous_2)
FN:50,(anonymous_3)
FN:55,(anonymous_4)
FN:62,(anonymous_5)
FN:69,(anonymous_6)
FN:85,(anonymous_7)
FNF:8
FNH:0
FNDA:0,(anonymous_0)
FNDA:0,(anonymous_1)
FNDA:0,(anonymous_2)
FNDA:0,(anonymous_3)
FNDA:0,(anonymous_4)
FNDA:0,(anonymous_5)
FNDA:0,(anonymous_6)
FNDA:0,(anonymous_7)
DA:1,3
DA:5,0
DA:9,0
DA:11,0
DA:12,0
DA:13,0
DA:14,0
DA:17,0
DA:18,0
DA:21,0
DA:22,0
DA:24,0
DA:25,0
DA:28,0
DA:30,0
DA:31,0
DA:32,0
DA:33,0
DA:38,0
DA:39,0
DA:40,0
DA:44,0
DA:45,0
DA:46,0
DA:47,0
DA:51,0
DA:52,0
DA:56,0
DA:57,0
DA:58,0
DA:59,0
DA:63,0
DA:64,0
DA:65,0
DA:66,0
DA:70,0
DA:74,0
DA:76,0
DA:77,0
DA:78,0
DA:80,0
DA:81,0
DA:86,0
DA:93,0
DA:97,3
LF:45
LH:2
BRDA:24,0,0,0
BRDA:24,0,1,0
BRF:2
BRH:0
end_of_record
TN:
SF:src/routes/admin.js
FN:7,(anonymous_0)
FN:22,(anonymous_1)
FN:40,(anonymous_2)
FN:57,(anonymous_3)
FN:76,(anonymous_4)
FN:97,(anonymous_5)
FN:114,(anonymous_6)
FNF:7
FNH:6
FNDA:1,(anonymous_0)
FNDA:2,(anonymous_1)
FNDA:1,(anonymous_2)
FNDA:1,(anonymous_3)
FNDA:2,(anonymous_4)
FNDA:1,(anonymous_5)
FNDA:0,(anonymous_6)
DA:1,3
DA:2,3
DA:3,3
DA:4,3
DA:7,3
DA:8,1
DA:9,1
DA:14,1
DA:16,0
DA:17,0
DA:22,3
DA:23,2
DA:25,2
DA:26,2
DA:27,1
DA:31,1
DA:32,1
DA:34,0
DA:35,0
DA:40,3
DA:41,1
DA:43,1
DA:44,1
DA:45,0
DA:48,1
DA:49,1
DA:51,0
DA:52,0
DA:57,3
DA:58,1
DA:59,1
DA:68,1
DA:70,0
DA:71,0
DA:76,3
DA:77,2
DA:78,2
DA:79,2
DA:80,2
DA:82,2
DA:83,1
DA:84,1
DA:87,1
DA:88,1
DA:89,1
DA:91,0
DA:92,0
DA:97,3
DA:98,1
DA:100,1
DA:101,1
DA:102,0
DA:105,1
DA:106,1
DA:108,0
DA:109,0
DA:114,3
DA:115,0
DA:116,0
DA:125,0
DA:127,0
DA:128,0
DA:132,3
LF:63
LH:44
BRDA:26,0,0,1
BRDA:26,0,1,1
BRDA:44,1,0,0
BRDA:44,1,1,1
BRDA:82,2,0,1
BRDA:82,2,1,1
BRDA:82,3,0,2
BRDA:82,3,1,2
BRDA:101,4,0,0
BRDA:101,4,1,1
BRF:10
BRH:8
end_of_record
TN:
SF:src/routes/auth.js
FN:6,(anonymous_0)
FN:19,(anonymous_1)
FN:20,(anonymous_2)
FN:29,(anonymous_3)
FNF:4
FNH:0
FNDA:0,(anonymous_0)
FNDA:0,(anonymous_1)
FNDA:0,(anonymous_2)
FNDA:0,(anonymous_3)
DA:1,3
DA:2,3
DA:3,3
DA:6,3
DA:7,0
DA:8,0
DA:14,0
DA:19,3
DA:20,0
DA:21,0
DA:22,0
DA:23,0
DA:25,0
DA:29,3
DA:30,0
DA:31,0
DA:32,0
DA:35,0
DA:36,0
DA:37,0
DA:41,0
DA:42,0
DA:51,0
DA:52,0
DA:53,0
DA:56,0
DA:59,0
DA:62,0
DA:68,0
DA:69,0
DA:70,0
DA:71,0
DA:75,3
LF:33
LH:7
BRDA:7,0,0,0
BRDA:7,0,1,0
BRDA:21,1,0,0
BRDA:21,1,1,0
BRDA:35,2,0,0
BRDA:35,2,1,0
BRDA:35,3,0,0
BRDA:35,3,1,0
BRDA:35,3,2,0
BRDA:35,3,3,0
BRDA:35,3,4,0
BRDA:35,3,5,0
BRDA:51,4,0,0
BRDA:51,4,1,0
BRF:14
BRH:0
end_of_record
